Exporter version: 5.6.3, Blender version: 2.79 (sub 0)
========= Conversion from Blender to Babylon.js =========
	Scene settings used :
		export scope        :  ALL
		inline textures     :  false
		Positions Precision :  4
		Normals Precision   :  3
		UVs Precision       :  3
		Vert Color Precision:  3
		Mat Weight Precision:  2
		texture directory   :  H:\KULIAHAN\Computer Graphics\Project\Library\assets\babylon\
	Python World class constructor completed
	processing begun of mesh:  Cube.014
		processing begun of baked material:  Cube.014
			Cycles baking texture, type: DIFFUSE, mapped using: BakingUV
		num positions      :  1216
		num normals        :  1216
		num uvs            :  2432
		num uvs2           :  0
		num colors         :  0
		num indices        :  1716
		WARNING: # of 0 area faces found:  192
	processing begun of mesh:  Cube.754
		WARNING: Mixing of Cycles & Blender Render in same mesh not supported.  No materials exported.
		num positions      :  72
		num normals        :  72
		num uvs            :  0
		num uvs2           :  0
		num colors         :  0
		num indices        :  420
	processing begun of mesh:  Cube.751
		processing begun of Standard material:  Material
		num positions      :  56
		num normals        :  56
		num uvs            :  0
		num uvs2           :  0
		num colors         :  0
		num indices        :  324
	processing begun of mesh:  Cylinder.023
		processing begun of Standard material:  tab
		num positions      :  350
		num normals        :  350
		num uvs            :  0
		num uvs2           :  0
		num colors         :  0
		num indices        :  2076
		WARNING: # of 0 area faces found:  124
	processing begun of mesh:  Cylinder.013
		WARNING: No materials have been assigned: 
		num positions      :  64
		num normals        :  64
		num uvs            :  0
		num uvs2           :  0
		num colors         :  0
		num indices        :  372
	processing begun of mesh:  Cylinder.001
		WARNING: No materials have been assigned: 
		num positions      :  96
		num normals        :  96
		num uvs            :  0
		num uvs2           :  0
		num colors         :  0
		num indices        :  564
	processing begun of mesh:  Cube.010
		processing begun of Standard material:  Material.004
		num positions      :  24
		num normals        :  24
		num uvs            :  0
		num uvs2           :  0
		num colors         :  0
		num indices        :  132
	processing begun of mesh:  Cube.009
		processing begun of baked material:  Cube.009
			Cycles baking texture, type: DIFFUSE, mapped using: BakingUV
		num positions      :  27
		num normals        :  27
		num uvs            :  54
		num uvs2           :  0
		num colors         :  0
		num indices        :  36
	processing begun of mesh:  Cube.008
		processing begun of baked material:  Cube.008
			Cycles baking texture, type: DIFFUSE, mapped using: BakingUV
		num positions      :  27
		num normals        :  27
		num uvs            :  54
		num uvs2           :  0
		num colors         :  0
		num indices        :  36
	processing begun of mesh:  Cube.003
		processing begun of baked material:  Cube.003
			Cycles baking texture, type: DIFFUSE, mapped using: BakingUV
		num positions      :  54
		num normals        :  54
		num uvs            :  108
		num uvs2           :  0
		num colors         :  0
		num indices        :  72
	processing begun of mesh:  Cylinder
		processing begun of baked material:  Cylinder
		num positions      :  330
		num normals        :  330
		num uvs            :  660
		num uvs2           :  0
		num colors         :  0
		num indices        :  1752
	processing begun of mesh:  Cube.001
		processing begun of baked material:  Cube.001
			Cycles baking texture, type: DIFFUSE, mapped using: BakingUV
		num positions      :  121
		num normals        :  121
		num uvs            :  242
		num uvs2           :  0
		num colors         :  0
		num indices        :  168
		WARNING: # of 0 area faces found:  8
	processing begun of mesh:  Cube
		WARNING: No materials have been assigned: 
		num positions      :  0
		num normals        :  0
		num uvs            :  0
		num uvs2           :  0
		num colors         :  0
		num indices        :  0
	processing begun of camera (UniversalCamera):  Camera
	processing begun of mesh:  Cube.004
		processing begun of baked material:  Cube.004
			Cycles baking texture, type: DIFFUSE, mapped using: BakingUV
		num positions      :  211
		num normals        :  211
		num uvs            :  422
		num uvs2           :  0
		num colors         :  0
		num indices        :  348
	processing begun of mesh:  Cube.005
		processing begun of baked material:  Cube.005
			Cycles baking texture, type: DIFFUSE, mapped using: BakingUV
		num positions      :  54
		num normals        :  54
		num uvs            :  108
		num uvs2           :  0
		num colors         :  0
		num indices        :  72
	processing begun of mesh:  Cube.006
		processing begun of baked material:  Cube.006
		num positions      :  54
		num normals        :  54
		num uvs            :  108
		num uvs2           :  0
		num colors         :  0
		num indices        :  72
	processing begun of mesh:  Cube.007
		WARNING: No materials have been assigned: 
		num positions      :  16
		num normals        :  16
		num uvs            :  0
		num uvs2           :  0
		num colors         :  0
		num indices        :  72
	processing begun of mesh:  Cube.012
		processing begun of baked material:  Cube.012
			Cycles baking texture, type: DIFFUSE, mapped using: BakingUV
		num positions      :  732
		num normals        :  732
		num uvs            :  1464
		num uvs2           :  0
		num colors         :  0
		num indices        :  1092
		WARNING: # of 0 area faces found:  32
	processing begun of mesh:  Cube.013
		processing begun of baked material:  Cube.013
			Cycles baking texture, type: DIFFUSE, mapped using: BakingUV
		num positions      :  720
		num normals        :  720
		num uvs            :  1440
		num uvs2           :  0
		num colors         :  0
		num indices        :  1092
		WARNING: # of 0 area faces found:  32
	processing begun of mesh:  Cylinder.002
		WARNING: No materials have been assigned: 
		num positions      :  96
		num normals        :  96
		num uvs            :  0
		num uvs2           :  0
		num colors         :  0
		num indices        :  564
	processing begun of mesh:  Cylinder.003
		WARNING: No materials have been assigned: 
		num positions      :  96
		num normals        :  96
		num uvs            :  0
		num uvs2           :  0
		num colors         :  0
		num indices        :  564
	processing begun of mesh:  Cylinder.004
		WARNING: No materials have been assigned: 
		num positions      :  96
		num normals        :  96
		num uvs            :  0
		num uvs2           :  0
		num colors         :  0
		num indices        :  564
	processing begun of mesh:  Cylinder.005
		WARNING: No materials have been assigned: 
		num positions      :  96
		num normals        :  96
		num uvs            :  0
		num uvs2           :  0
		num colors         :  0
		num indices        :  564
	processing begun of mesh:  Cylinder.006
		WARNING: No materials have been assigned: 
		num positions      :  128
		num normals        :  128
		num uvs            :  0
		num uvs2           :  0
		num colors         :  0
		num indices        :  756
	processing begun of mesh:  Cylinder.007
		WARNING: No materials have been assigned: 
		num positions      :  96
		num normals        :  96
		num uvs            :  0
		num uvs2           :  0
		num colors         :  0
		num indices        :  564
	processing begun of mesh:  Cylinder.008
		WARNING: No materials have been assigned: 
		num positions      :  128
		num normals        :  128
		num uvs            :  0
		num uvs2           :  0
		num colors         :  0
		num indices        :  756
	processing begun of mesh:  Cylinder.009
		WARNING: No materials have been assigned: 
		num positions      :  96
		num normals        :  96
		num uvs            :  0
		num uvs2           :  0
		num colors         :  0
		num indices        :  564
	processing begun of mesh:  Cylinder.010
		WARNING: No materials have been assigned: 
		num positions      :  96
		num normals        :  96
		num uvs            :  0
		num uvs2           :  0
		num colors         :  0
		num indices        :  564
	processing begun of mesh:  Cylinder.011
		WARNING: No materials have been assigned: 
		num positions      :  128
		num normals        :  128
		num uvs            :  0
		num uvs2           :  0
		num colors         :  0
		num indices        :  756
	processing begun of mesh:  Cylinder.012
		WARNING: No materials have been assigned: 
		num positions      :  128
		num normals        :  128
		num uvs            :  0
		num uvs2           :  0
		num colors         :  0
		num indices        :  756
	processing begun of mesh:  Cylinder.014
		WARNING: No materials have been assigned: 
		num positions      :  64
		num normals        :  64
		num uvs            :  0
		num uvs2           :  0
		num colors         :  0
		num indices        :  372
	processing begun of mesh:  Cylinder.015
		WARNING: No materials have been assigned: 
		num positions      :  128
		num normals        :  128
		num uvs            :  0
		num uvs2           :  0
		num colors         :  0
		num indices        :  756
	processing begun of mesh:  Cylinder.016
		WARNING: No materials have been assigned: 
		num positions      :  128
		num normals        :  128
		num uvs            :  0
		num uvs2           :  0
		num colors         :  0
		num indices        :  756
	processing begun of mesh:  Cylinder.017
		WARNING: No materials have been assigned: 
		num positions      :  128
		num normals        :  128
		num uvs            :  0
		num uvs2           :  0
		num colors         :  0
		num indices        :  756
	processing begun of mesh:  Cylinder.018
		WARNING: No materials have been assigned: 
		num positions      :  128
		num normals        :  128
		num uvs            :  0
		num uvs2           :  0
		num colors         :  0
		num indices        :  756
	processing begun of mesh:  Cylinder.019
		WARNING: No materials have been assigned: 
		num positions      :  64
		num normals        :  64
		num uvs            :  0
		num uvs2           :  0
		num colors         :  0
		num indices        :  372
	processing begun of mesh:  Cylinder.020
		WARNING: No materials have been assigned: 
		num positions      :  64
		num normals        :  64
		num uvs            :  0
		num uvs2           :  0
		num colors         :  0
		num indices        :  372
	processing begun of mesh:  Cylinder.021
		WARNING: No materials have been assigned: 
		num positions      :  64
		num normals        :  64
		num uvs            :  0
		num uvs2           :  0
		num colors         :  0
		num indices        :  372
	processing begun of mesh:  Cylinder.022
		WARNING: No materials have been assigned: 
		num positions      :  64
		num normals        :  64
		num uvs            :  0
		num uvs2           :  0
		num colors         :  0
		num indices        :  372
	processing begun of mesh:  Cube.036
		processing begun of baked material:  Cube.036
			Cycles baking texture, type: DIFFUSE, mapped using: BakingUV
		num positions      :  433
		num normals        :  433
		num uvs            :  866
		num uvs2           :  0
		num colors         :  0
		num indices        :  684
	processing begun of mesh:  Cube.128
		processing begun of baked material:  Cube.128
			Cycles baking texture, type: DIFFUSE, mapped using: BakingUV
		num positions      :  433
		num normals        :  433
		num uvs            :  866
		num uvs2           :  0
		num colors         :  0
		num indices        :  684
	processing begun of mesh:  Cube.220
		processing begun of baked material:  Cube.220
			Cycles baking texture, type: DIFFUSE, mapped using: BakingUV
		num positions      :  433
		num normals        :  433
		num uvs            :  866
		num uvs2           :  0
		num colors         :  0
		num indices        :  684
	processing begun of mesh:  Cube.312
		processing begun of baked material:  Cube.312
			Cycles baking texture, type: DIFFUSE, mapped using: BakingUV
		num positions      :  433
		num normals        :  433
		num uvs            :  866
		num uvs2           :  0
		num colors         :  0
		num indices        :  684
	processing begun of mesh:  Cube.404
		processing begun of baked material:  Cube.404
			Cycles baking texture, type: DIFFUSE, mapped using: BakingUV
		num positions      :  433
		num normals        :  433
		num uvs            :  866
		num uvs2           :  0
		num colors         :  0
		num indices        :  684
	processing begun of mesh:  Cube.496
		processing begun of baked material:  Cube.496
			Cycles baking texture, type: DIFFUSE, mapped using: BakingUV
		num positions      :  433
		num normals        :  433
		num uvs            :  866
		num uvs2           :  0
		num colors         :  0
		num indices        :  684
	processing begun of mesh:  Cube.588
		processing begun of baked material:  Cube.588
			Cycles baking texture, type: DIFFUSE, mapped using: BakingUV
		num positions      :  433
		num normals        :  433
		num uvs            :  866
		num uvs2           :  0
		num colors         :  0
		num indices        :  684
	processing begun of mesh:  Cube.680
		processing begun of baked material:  Cube.680
			Cycles baking texture, type: DIFFUSE, mapped using: BakingUV
		num positions      :  433
		num normals        :  433
		num uvs            :  866
		num uvs2           :  0
		num colors         :  0
		num indices        :  684
	processing begun of node:  Empty
	processing begun of mesh:  Cube.752
		WARNING: Mixing of Cycles & Blender Render in same mesh not supported.  No materials exported.
		num positions      :  132
		num normals        :  132
		num uvs            :  0
		num uvs2           :  0
		num colors         :  0
		num indices        :  780
	processing begun of mesh:  Cube.753
		WARNING: Mixing of Cycles & Blender Render in same mesh not supported.  No materials exported.
		num positions      :  146
		num normals        :  146
		num uvs            :  0
		num uvs2           :  0
		num colors         :  0
		num indices        :  864
		WARNING: # of 0 area faces found:  28
	processing begun of mesh:  Cube.755
		WARNING: Mixing of Cycles & Blender Render in same mesh not supported.  No materials exported.
		num positions      :  72
		num normals        :  72
		num uvs            :  0
		num uvs2           :  0
		num colors         :  0
		num indices        :  420
	processing begun of mesh:  Cube.756
		WARNING: Mixing of Cycles & Blender Render in same mesh not supported.  No materials exported.
		num positions      :  72
		num normals        :  72
		num uvs            :  0
		num uvs2           :  0
		num colors         :  0
		num indices        :  420
	processing begun of mesh:  Cube.757
		WARNING: Mixing of Cycles & Blender Render in same mesh not supported.  No materials exported.
		num positions      :  72
		num normals        :  72
		num uvs            :  0
		num uvs2           :  0
		num colors         :  0
		num indices        :  420
	processing begun of mesh:  Cube.758
		WARNING: Mixing of Cycles & Blender Render in same mesh not supported.  No materials exported.
		num positions      :  56
		num normals        :  56
		num uvs            :  0
		num uvs2           :  0
		num colors         :  0
		num indices        :  324
	processing begun of mesh:  Cube.759
		WARNING: Mixing of Cycles & Blender Render in same mesh not supported.  No materials exported.
		num positions      :  72
		num normals        :  72
		num uvs            :  0
		num uvs2           :  0
		num colors         :  0
		num indices        :  420
	processing begun of mesh:  Cube.760
		WARNING: Mixing of Cycles & Blender Render in same mesh not supported.  No materials exported.
		num positions      :  72
		num normals        :  72
		num uvs            :  0
		num uvs2           :  0
		num colors         :  0
		num indices        :  420
	processing begun of mesh:  Cube.761
		WARNING: Mixing of Cycles & Blender Render in same mesh not supported.  No materials exported.
		num positions      :  72
		num normals        :  72
		num uvs            :  0
		num uvs2           :  0
		num colors         :  0
		num indices        :  420
	processing begun of mesh:  Cube.011
		processing begun of baked material:  Cube.011
			Cycles baking texture, type: DIFFUSE, mapped using: BakingUV
		num positions      :  732
		num normals        :  732
		num uvs            :  1464
		num uvs2           :  0
		num colors         :  0
		num indices        :  1092
		WARNING: # of 0 area faces found:  32
	processing begun of mesh:  Cube.002
		processing begun of baked material:  Cube.002
		num positions      :  836
		num normals        :  836
		num uvs            :  1672
		num uvs2           :  0
		num colors         :  0
		num indices        :  1254
		WARNING: # of 0 area faces found:  10
	processing begun of light (AREA):  Area.007
	processing begun of light (AREA):  Area.006
	processing begun of light (AREA):  Area.005
	processing begun of light (AREA):  Area.004
	processing begun of light (AREA):  Area.003
	processing begun of light (AREA):  Area.002
	processing begun of light (AREA):  Area.001
	processing begun of light (AREA):  Area
	processing begun of light (POINT):  Point
========= Writing of scene file started =========
========= Writing of scene file completed =========
========= end of processing =========
elapsed time:  42 min, 55.9431 secs
